[debug] [2021-09-11T06:36:53.607Z] ----------------------------------------------------------------------
[debug] [2021-09-11T06:36:53.612Z] Command:       C:\Program Files\nodejs\node.exe C:\Users\david\AppData\Roaming\npm\node_modules\firebase-tools\lib\bin\firebase.js emulators:start
[debug] [2021-09-11T06:36:53.613Z] CLI Version:   9.17.0
[debug] [2021-09-11T06:36:53.613Z] Platform:      win32
[debug] [2021-09-11T06:36:53.613Z] Node Version:  v12.19.0
[debug] [2021-09-11T06:36:53.615Z] Time:          Fri Sep 10 2021 23:36:53 GMT-0700 (Mountain Standard Time)
[debug] [2021-09-11T06:36:53.616Z] ----------------------------------------------------------------------
[debug] 
[debug] [2021-09-11T06:36:53.770Z] > command requires scopes: ["email","openid","https://www.googleapis.com/auth/cloudplatformprojects.readonly","https://www.googleapis.com/auth/firebase","https://www.googleapis.com/auth/cloud-platform"]
[debug] [2021-09-11T06:36:53.770Z] > authorizing via signed-in user (davidoligney@gmail.com)
[info] i  emulators: Starting emulators: functions, hosting {"metadata":{"emulator":{"name":"hub"},"message":"Starting emulators: functions, hosting"}}
[debug] [2021-09-11T06:36:53.836Z] [hub] writing locator at C:\Users\david\AppData\Local\Temp\hub-clone-c885b.json
[warn] !  functions: The following emulators are not running, calls to these services from the Functions emulator will affect production: auth, firestore, database, pubsub, storage {"metadata":{"emulator":{"name":"functions"},"message":"The following emulators are not running, calls to these services from the Functions emulator will affect production: \u001b[1mauth, firestore, database, pubsub, storage\u001b[22m"}}
[warn] !  Your requested "node" version "14" doesn't match your global version "12" {"metadata":{"emulator":{"name":"functions"},"message":"Your requested \"node\" version \"14\" doesn't match your global version \"12\""}}
[debug] [2021-09-11T06:36:53.995Z] defaultcredentials: writing to file C:\Users\david\AppData\Roaming\firebase\davidoligney_gmail_com_application_default_credentials.json
[debug] [2021-09-11T06:36:54.012Z] Setting GAC to C:\Users\david\AppData\Roaming\firebase\davidoligney_gmail_com_application_default_credentials.json {"metadata":{"emulator":{"name":"functions"},"message":"Setting GAC to C:\\Users\\david\\AppData\\Roaming\\firebase\\davidoligney_gmail_com_application_default_credentials.json"}}
[debug] [2021-09-11T06:36:54.016Z] > refreshing access token with scopes: []
[debug] [2021-09-11T06:36:54.018Z] >>> HTTP REQUEST POST https://www.googleapis.com/oauth2/v3/token  
 <request body omitted>
[debug] [2021-09-11T06:36:54.177Z] <<< HTTP RESPONSE 200 {"cache-control":"no-cache, no-store, max-age=0, must-revalidate","date":"Sat, 11 Sep 2021 06:36:55 GMT","expires":"Mon, 01 Jan 1990 00:00:00 GMT","pragma":"no-cache","content-type":"application/json; charset=utf-8","vary":"X-Origin, Referer, Origin,Accept-Encoding","server":"scaffolding on HTTPServer2","x-xss-protection":"0","x-frame-options":"SAMEORIGIN","x-content-type-options":"nosniff","alt-svc":"h3=\":443\"; ma=2592000,h3-29=\":443\"; ma=2592000,h3-T051=\":443\"; ma=2592000,h3-Q050=\":443\"; ma=2592000,h3-Q046=\":443\"; ma=2592000,h3-Q043=\":443\"; ma=2592000,quic=\":443\"; ma=2592000; v=\"46,43\"","accept-ranges":"none","transfer-encoding":"chunked"}
[debug] [2021-09-11T06:36:54.204Z] >>> [apiv2][query] GET https://firebase.googleapis.com/v1beta1/projects/clone-c885b/adminSdkConfig [none]
[debug] [2021-09-11T06:36:54.399Z] <<< [apiv2][status] GET https://firebase.googleapis.com/v1beta1/projects/clone-c885b/adminSdkConfig 200
[debug] [2021-09-11T06:36:54.400Z] <<< [apiv2][body] GET https://firebase.googleapis.com/v1beta1/projects/clone-c885b/adminSdkConfig {"projectId":"clone-c885b","storageBucket":"clone-c885b.appspot.com"}
[debug] [2021-09-11T06:36:54.435Z] >>> [apiv2][query] GET https://firebasehosting.googleapis.com/v1beta1/projects/clone-c885b/sites 
[debug] [2021-09-11T06:36:54.641Z] <<< [apiv2][status] GET https://firebasehosting.googleapis.com/v1beta1/projects/clone-c885b/sites 200
[debug] [2021-09-11T06:36:54.641Z] <<< [apiv2][body] GET https://firebasehosting.googleapis.com/v1beta1/projects/clone-c885b/sites {"sites":[{"name":"projects/139760945227/sites/clone-c885b","defaultUrl":"https://clone-c885b.web.app","appId":"1:139760945227:web:451c8ac82d20d0181765ce","type":"DEFAULT_SITE"}]}
[debug] [2021-09-11T06:36:54.642Z] >>> [apiv2][query] GET https://firebase.googleapis.com/v1beta1/projects/clone-c885b/webApps/1:139760945227:web:451c8ac82d20d0181765ce/config [none]
[debug] [2021-09-11T06:36:55.011Z] <<< [apiv2][status] GET https://firebase.googleapis.com/v1beta1/projects/clone-c885b/webApps/1:139760945227:web:451c8ac82d20d0181765ce/config 200
[debug] [2021-09-11T06:36:55.011Z] <<< [apiv2][body] GET https://firebase.googleapis.com/v1beta1/projects/clone-c885b/webApps/1:139760945227:web:451c8ac82d20d0181765ce/config {"projectId":"clone-c885b","appId":"1:139760945227:web:451c8ac82d20d0181765ce","storageBucket":"clone-c885b.appspot.com","apiKey":"AIzaSyC4s_Drfpo3xrnjCTqkFtGt-OPFl5KjYOA","authDomain":"clone-c885b.firebaseapp.com","messagingSenderId":"139760945227","measurementId":"G-QEQFZ2PBTL"}
[info] i  hosting: Serving hosting files from: build {"metadata":{"emulator":{"name":"hosting"},"message":"Serving hosting files from: \u001b[1mbuild\u001b[22m"}}
[info] +  hosting: Local server: http://localhost:5000 {"metadata":{"emulator":{"name":"hosting"},"message":"Local server: \u001b[4m\u001b[1mhttp://localhost:5000\u001b[22m\u001b[24m"}}
[info] i  ui: downloading ui-v1.6.3.zip... {"metadata":{"emulator":{"name":"ui"},"message":"downloading ui-v1.6.3.zip..."}}
[debug] [2021-09-11T06:36:55.135Z] >>> [apiv2][query] GET https://storage.googleapis.com/firebase-preview-drop/emulator/ui-v1.6.3.zip 
[debug] [2021-09-11T06:36:55.247Z] <<< [apiv2][status] GET https://storage.googleapis.com/firebase-preview-drop/emulator/ui-v1.6.3.zip 200
[debug] [2021-09-11T06:36:55.247Z] <<< [apiv2][body] GET https://storage.googleapis.com/firebase-preview-drop/emulator/ui-v1.6.3.zip [stream]
[debug] [2021-09-11T06:36:56.616Z] Ignoring unsupported arg: auto_download {"metadata":{"emulator":{"name":"ui"},"message":"Ignoring unsupported arg: auto_download"}}
[debug] [2021-09-11T06:36:56.617Z] Ignoring unsupported arg: port {"metadata":{"emulator":{"name":"ui"},"message":"Ignoring unsupported arg: port"}}
[debug] [2021-09-11T06:36:56.617Z] Starting Emulator UI with command {"binary":"node","args":["C:\\Users\\david\\.cache\\firebase\\emulators\\ui-v1.6.3\\server.bundle.js"],"optionalArgs":[],"joinArgs":false} {"metadata":{"emulator":{"name":"ui"},"message":"Starting Emulator UI with command {\"binary\":\"node\",\"args\":[\"C:\\\\Users\\\\david\\\\.cache\\\\firebase\\\\emulators\\\\ui-v1.6.3\\\\server.bundle.js\"],\"optionalArgs\":[],\"joinArgs\":false}"}}
[info] i  ui: Emulator UI logging to ui-debug.log {"metadata":{"emulator":{"name":"ui"},"message":"Emulator UI logging to \u001b[1mui-debug.log\u001b[22m"}}
[debug] [2021-09-11T06:36:56.967Z] Web / API server started at localhost:4000
 {"metadata":{"emulator":{"name":"ui"},"message":"Web / API server started at localhost:4000\n"}}
[info] i  functions: Watching "C:\Users\david\Projects\amazon-clone\functions" for Cloud Functions... {"metadata":{"emulator":{"name":"functions"},"message":"Watching \"C:\\Users\\david\\Projects\\amazon-clone\\functions\" for Cloud Functions..."}}
[debug] [2021-09-11T06:36:57.211Z] [worker-pool] addWorker(~diagnostic~) {"metadata":{"emulator":{"name":"functions"},"message":"[worker-pool] addWorker(~diagnostic~)"}}
[debug] [2021-09-11T06:36:57.211Z] [worker-pool] Adding worker with key ~diagnostic~, total=1 {"metadata":{"emulator":{"name":"functions"},"message":"[worker-pool] Adding worker with key ~diagnostic~, total=1"}}
[debug] [2021-09-11T06:36:57.211Z] [worker-pool] submitWork(triggerId=) {"metadata":{"emulator":{"name":"functions"},"message":"[worker-pool] submitWork(triggerId=)"}}
[debug] [2021-09-11T06:36:57.212Z] [worker-~diagnostic~-d1381aee-5241-422e-a140-8a3040ced100]: Assigning socketPath: \\?\pipe\C:\Users\david\Projects\amazon-clone\functions\21088 {"metadata":{"emulator":{"name":"functions"},"message":"[worker-~diagnostic~-d1381aee-5241-422e-a140-8a3040ced100]: Assigning socketPath: \\\\?\\pipe\\C:\\Users\\david\\Projects\\amazon-clone\\functions\\21088"}}
[debug] [2021-09-11T06:36:57.212Z] [worker-~diagnostic~-d1381aee-5241-422e-a140-8a3040ced100]: BUSY {"metadata":{"emulator":{"name":"functions"},"message":"[worker-~diagnostic~-d1381aee-5241-422e-a140-8a3040ced100]: BUSY"}}
[debug] [2021-09-11T06:36:58.666Z] [runtime-status] [21088] Functions runtime initialized. {"cwd":"C:\\Users\\david\\Projects\\amazon-clone\\functions","node_version":"12.19.0"} {"metadata":{"emulator":{"name":"functions"},"message":"[runtime-status] [21088] Functions runtime initialized. {\"cwd\":\"C:\\\\Users\\\\david\\\\Projects\\\\amazon-clone\\\\functions\",\"node_version\":\"12.19.0\"}"}}
[debug] [2021-09-11T06:36:58.677Z] [runtime-status] [21088] Disabled runtime features: undefined {"metadata":{"emulator":{"name":"functions"},"message":"[runtime-status] [21088] Disabled runtime features: undefined"}}
[debug] [2021-09-11T06:36:58.698Z] [runtime-status] [21088] Resolved module firebase-admin {"declared":true,"installed":true,"version":"9.11.1","resolution":"C:\\Users\\david\\Projects\\amazon-clone\\functions\\node_modules\\firebase-admin\\lib\\index.js"} {"metadata":{"emulator":{"name":"functions"},"message":"[runtime-status] [21088] Resolved module firebase-admin {\"declared\":true,\"installed\":true,\"version\":\"9.11.1\",\"resolution\":\"C:\\\\Users\\\\david\\\\Projects\\\\amazon-clone\\\\functions\\\\node_modules\\\\firebase-admin\\\\lib\\\\index.js\"}"}}
[debug] [2021-09-11T06:36:58.712Z] [runtime-status] [21088] Resolved module firebase-functions {"declared":true,"installed":true,"version":"3.15.5","resolution":"C:\\Users\\david\\Projects\\amazon-clone\\functions\\node_modules\\firebase-functions\\lib\\index.js"} {"metadata":{"emulator":{"name":"functions"},"message":"[runtime-status] [21088] Resolved module firebase-functions {\"declared\":true,\"installed\":true,\"version\":\"3.15.5\",\"resolution\":\"C:\\\\Users\\\\david\\\\Projects\\\\amazon-clone\\\\functions\\\\node_modules\\\\firebase-functions\\\\lib\\\\index.js\"}"}}
[debug] [2021-09-11T06:36:58.716Z] [runtime-status] [21088] Resolved module firebase-functions {"declared":true,"installed":true,"version":"3.15.5","resolution":"C:\\Users\\david\\Projects\\amazon-clone\\functions\\node_modules\\firebase-functions\\lib\\index.js"} {"metadata":{"emulator":{"name":"functions"},"message":"[runtime-status] [21088] Resolved module firebase-functions {\"declared\":true,\"installed\":true,\"version\":\"3.15.5\",\"resolution\":\"C:\\\\Users\\\\david\\\\Projects\\\\amazon-clone\\\\functions\\\\node_modules\\\\firebase-functions\\\\lib\\\\index.js\"}"}}
[debug] [2021-09-11T06:36:58.719Z] [runtime-status] [21088] Outgoing network have been stubbed. [{"name":"http","status":"mocked"},{"name":"http","status":"mocked"},{"name":"https","status":"mocked"},{"name":"https","status":"mocked"},{"name":"net","status":"mocked"}] {"metadata":{"emulator":{"name":"functions"},"message":"[runtime-status] [21088] Outgoing network have been stubbed. [{\"name\":\"http\",\"status\":\"mocked\"},{\"name\":\"http\",\"status\":\"mocked\"},{\"name\":\"https\",\"status\":\"mocked\"},{\"name\":\"https\",\"status\":\"mocked\"},{\"name\":\"net\",\"status\":\"mocked\"}]"}}
[debug] [2021-09-11T06:36:58.720Z] [runtime-status] [21088] Resolved module firebase-functions {"declared":true,"installed":true,"version":"3.15.5","resolution":"C:\\Users\\david\\Projects\\amazon-clone\\functions\\node_modules\\firebase-functions\\lib\\index.js"} {"metadata":{"emulator":{"name":"functions"},"message":"[runtime-status] [21088] Resolved module firebase-functions {\"declared\":true,\"installed\":true,\"version\":\"3.15.5\",\"resolution\":\"C:\\\\Users\\\\david\\\\Projects\\\\amazon-clone\\\\functions\\\\node_modules\\\\firebase-functions\\\\lib\\\\index.js\"}"}}
[debug] [2021-09-11T06:36:58.994Z] [runtime-status] [21088] Checked functions.config() {"config":{}} {"metadata":{"emulator":{"name":"functions"},"message":"[runtime-status] [21088] Checked functions.config() {\"config\":{}}"}}
[debug] [2021-09-11T06:36:58.995Z] [runtime-status] [21088] firebase-functions has been stubbed. {"functionsResolution":{"declared":true,"installed":true,"version":"3.15.5","resolution":"C:\\Users\\david\\Projects\\amazon-clone\\functions\\node_modules\\firebase-functions\\lib\\index.js"}} {"metadata":{"emulator":{"name":"functions"},"message":"[runtime-status] [21088] firebase-functions has been stubbed. {\"functionsResolution\":{\"declared\":true,\"installed\":true,\"version\":\"3.15.5\",\"resolution\":\"C:\\\\Users\\\\david\\\\Projects\\\\amazon-clone\\\\functions\\\\node_modules\\\\firebase-functions\\\\lib\\\\index.js\"}}"}}
[debug] [2021-09-11T06:36:58.997Z] [runtime-status] [21088] Resolved module firebase-functions {"declared":true,"installed":true,"version":"3.15.5","resolution":"C:\\Users\\david\\Projects\\amazon-clone\\functions\\node_modules\\firebase-functions\\lib\\index.js"} {"metadata":{"emulator":{"name":"functions"},"message":"[runtime-status] [21088] Resolved module firebase-functions {\"declared\":true,\"installed\":true,\"version\":\"3.15.5\",\"resolution\":\"C:\\\\Users\\\\david\\\\Projects\\\\amazon-clone\\\\functions\\\\node_modules\\\\firebase-functions\\\\lib\\\\index.js\"}"}}
[debug] [2021-09-11T06:36:59.002Z] [runtime-status] [21088] Resolved module firebase-admin {"declared":true,"installed":true,"version":"9.11.1","resolution":"C:\\Users\\david\\Projects\\amazon-clone\\functions\\node_modules\\firebase-admin\\lib\\index.js"} {"metadata":{"emulator":{"name":"functions"},"message":"[runtime-status] [21088] Resolved module firebase-admin {\"declared\":true,\"installed\":true,\"version\":\"9.11.1\",\"resolution\":\"C:\\\\Users\\\\david\\\\Projects\\\\amazon-clone\\\\functions\\\\node_modules\\\\firebase-admin\\\\lib\\\\index.js\"}"}}
[debug] [2021-09-11T06:36:59.007Z] [runtime-status] [21088] Resolved module firebase-functions {"declared":true,"installed":true,"version":"3.15.5","resolution":"C:\\Users\\david\\Projects\\amazon-clone\\functions\\node_modules\\firebase-functions\\lib\\index.js"} {"metadata":{"emulator":{"name":"functions"},"message":"[runtime-status] [21088] Resolved module firebase-functions {\"declared\":true,\"installed\":true,\"version\":\"3.15.5\",\"resolution\":\"C:\\\\Users\\\\david\\\\Projects\\\\amazon-clone\\\\functions\\\\node_modules\\\\firebase-functions\\\\lib\\\\index.js\"}"}}
[debug] [2021-09-11T06:36:59.008Z] [runtime-status] [21088] firebase-admin has been stubbed. {"adminResolution":{"declared":true,"installed":true,"version":"9.11.1","resolution":"C:\\Users\\david\\Projects\\amazon-clone\\functions\\node_modules\\firebase-admin\\lib\\index.js"}} {"metadata":{"emulator":{"name":"functions"},"message":"[runtime-status] [21088] firebase-admin has been stubbed. {\"adminResolution\":{\"declared\":true,\"installed\":true,\"version\":\"9.11.1\",\"resolution\":\"C:\\\\Users\\\\david\\\\Projects\\\\amazon-clone\\\\functions\\\\node_modules\\\\firebase-admin\\\\lib\\\\index.js\"}}"}}
[info] +  functions[us-central1-api]: http function initialized (http://localhost:5001/clone-c885b/us-central1/api). {"metadata":{"emulator":{"name":"functions"},"message":"\u001b[1mhttp\u001b[22m function initialized (http://localhost:5001/clone-c885b/us-central1/api)."}}
[info] 
┌─────────────────────────────────────────────────────────────┐
│ ✔  All emulators ready! It is now safe to connect your app. │
│ i  View Emulator UI at http://localhost:4000                │
└─────────────────────────────────────────────────────────────┘

┌───────────┬────────────────┬─────────────────────────────────┐
│ Emulator  │ Host:Port      │ View in Emulator UI             │
├───────────┼────────────────┼─────────────────────────────────┤
│ Functions │ localhost:5001 │ http://localhost:4000/functions │
├───────────┼────────────────┼─────────────────────────────────┤
│ Hosting   │ localhost:5000 │ n/a                             │
└───────────┴────────────────┴─────────────────────────────────┘
  Emulator Hub running at localhost:4400
  Other reserved ports: 4500

Issues? Report them at https://github.com/firebase/firebase-tools/issues and attach the *-debug.log files.
 
[debug] [2021-09-11T06:36:59.622Z] [worker-~diagnostic~-d1381aee-5241-422e-a140-8a3040ced100]: IDLE {"metadata":{"emulator":{"name":"functions"},"message":"[worker-~diagnostic~-d1381aee-5241-422e-a140-8a3040ced100]: IDLE"}}
[info] i  hosting: 127.0.0.1 - - [11/Sep/2021:06:37:34 +0000] "GET / HTTP/1.1" 200 3029 "-" "Mozilla/5.0 (Windows NT 10.0; Win64; x64) AppleWebKit/537.36 (KHTML, like Gecko) Chrome/92.0.4515.159 Safari/537.36" {"metadata":{"emulator":{"name":"hosting"},"message":"127.0.0.1 - - [11/Sep/2021:06:37:34 +0000] \"GET / HTTP/1.1\" 200 3029 \"-\" \"Mozilla/5.0 (Windows NT 10.0; Win64; x64) AppleWebKit/537.36 (KHTML, like Gecko) Chrome/92.0.4515.159 Safari/537.36\""}}
[info] i  hosting: 127.0.0.1 - - [11/Sep/2021:06:37:34 +0000] "GET /static/js/main.44651401.chunk.js HTTP/1.1" 200 10246 "http://localhost:5000/" "Mozilla/5.0 (Windows NT 10.0; Win64; x64) AppleWebKit/537.36 (KHTML, like Gecko) Chrome/92.0.4515.159 Safari/537.36" {"metadata":{"emulator":{"name":"hosting"},"message":"127.0.0.1 - - [11/Sep/2021:06:37:34 +0000] \"GET /static/js/main.44651401.chunk.js HTTP/1.1\" 200 10246 \"http://localhost:5000/\" \"Mozilla/5.0 (Windows NT 10.0; Win64; x64) AppleWebKit/537.36 (KHTML, like Gecko) Chrome/92.0.4515.159 Safari/537.36\""}}
[info] i  hosting: 127.0.0.1 - - [11/Sep/2021:06:37:34 +0000] "GET /static/css/main.137572cb.chunk.css HTTP/1.1" 200 3945 "http://localhost:5000/" "Mozilla/5.0 (Windows NT 10.0; Win64; x64) AppleWebKit/537.36 (KHTML, like Gecko) Chrome/92.0.4515.159 Safari/537.36" {"metadata":{"emulator":{"name":"hosting"},"message":"127.0.0.1 - - [11/Sep/2021:06:37:34 +0000] \"GET /static/css/main.137572cb.chunk.css HTTP/1.1\" 200 3945 \"http://localhost:5000/\" \"Mozilla/5.0 (Windows NT 10.0; Win64; x64) AppleWebKit/537.36 (KHTML, like Gecko) Chrome/92.0.4515.159 Safari/537.36\""}}
[info] i  hosting: 127.0.0.1 - - [11/Sep/2021:06:37:35 +0000] "GET /static/js/2.294268a9.chunk.js HTTP/1.1" 200 1148519 "http://localhost:5000/" "Mozilla/5.0 (Windows NT 10.0; Win64; x64) AppleWebKit/537.36 (KHTML, like Gecko) Chrome/92.0.4515.159 Safari/537.36" {"metadata":{"emulator":{"name":"hosting"},"message":"127.0.0.1 - - [11/Sep/2021:06:37:35 +0000] \"GET /static/js/2.294268a9.chunk.js HTTP/1.1\" 200 1148519 \"http://localhost:5000/\" \"Mozilla/5.0 (Windows NT 10.0; Win64; x64) AppleWebKit/537.36 (KHTML, like Gecko) Chrome/92.0.4515.159 Safari/537.36\""}}
[info] i  hosting: 127.0.0.1 - - [11/Sep/2021:06:37:36 +0000] "GET /favicon.ico HTTP/1.1" 200 1406 "http://localhost:5000/" "Mozilla/5.0 (Windows NT 10.0; Win64; x64) AppleWebKit/537.36 (KHTML, like Gecko) Chrome/92.0.4515.159 Safari/537.36" {"metadata":{"emulator":{"name":"hosting"},"message":"127.0.0.1 - - [11/Sep/2021:06:37:36 +0000] \"GET /favicon.ico HTTP/1.1\" 200 1406 \"http://localhost:5000/\" \"Mozilla/5.0 (Windows NT 10.0; Win64; x64) AppleWebKit/537.36 (KHTML, like Gecko) Chrome/92.0.4515.159 Safari/537.36\""}}
[info] i  hosting: 127.0.0.1 - - [11/Sep/2021:06:37:36 +0000] "GET /manifest.json HTTP/1.1" 200 492 "http://localhost:5000/" "Mozilla/5.0 (Windows NT 10.0; Win64; x64) AppleWebKit/537.36 (KHTML, like Gecko) Chrome/92.0.4515.159 Safari/537.36" {"metadata":{"emulator":{"name":"hosting"},"message":"127.0.0.1 - - [11/Sep/2021:06:37:36 +0000] \"GET /manifest.json HTTP/1.1\" 200 492 \"http://localhost:5000/\" \"Mozilla/5.0 (Windows NT 10.0; Win64; x64) AppleWebKit/537.36 (KHTML, like Gecko) Chrome/92.0.4515.159 Safari/537.36\""}}
[info] i  hosting: 127.0.0.1 - - [11/Sep/2021:06:37:37 +0000] "GET /logo192.png HTTP/1.1" 200 5347 "http://localhost:5000/" "Mozilla/5.0 (Windows NT 10.0; Win64; x64) AppleWebKit/537.36 (KHTML, like Gecko) Chrome/92.0.4515.159 Safari/537.36" {"metadata":{"emulator":{"name":"hosting"},"message":"127.0.0.1 - - [11/Sep/2021:06:37:37 +0000] \"GET /logo192.png HTTP/1.1\" 200 5347 \"http://localhost:5000/\" \"Mozilla/5.0 (Windows NT 10.0; Win64; x64) AppleWebKit/537.36 (KHTML, like Gecko) Chrome/92.0.4515.159 Safari/537.36\""}}
[debug] [2021-09-11T06:40:10.146Z] File C:\Users\david\Projects\amazon-clone\functions\index.js changed, reloading triggers {"metadata":{"emulator":{"name":"functions"},"message":"File C:\\Users\\david\\Projects\\amazon-clone\\functions\\index.js changed, reloading triggers"}}
[debug] [2021-09-11T06:40:11.155Z] [worker-pool] Shutting down IDLE worker (~diagnostic~) {"metadata":{"emulator":{"name":"functions"},"message":"[worker-pool] Shutting down IDLE worker (~diagnostic~)"}}
[debug] [2021-09-11T06:40:11.155Z] [worker-~diagnostic~-d1381aee-5241-422e-a140-8a3040ced100]: FINISHING {"metadata":{"emulator":{"name":"functions"},"message":"[worker-~diagnostic~-d1381aee-5241-422e-a140-8a3040ced100]: FINISHING"}}
[debug] [2021-09-11T06:40:11.197Z] [worker-pool] addWorker(~diagnostic~) {"metadata":{"emulator":{"name":"functions"},"message":"[worker-pool] addWorker(~diagnostic~)"}}
[debug] [2021-09-11T06:40:11.198Z] [worker-pool] Adding worker with key ~diagnostic~, total=2 {"metadata":{"emulator":{"name":"functions"},"message":"[worker-pool] Adding worker with key ~diagnostic~, total=2"}}
[debug] [2021-09-11T06:40:11.198Z] [worker-pool] submitWork(triggerId=) {"metadata":{"emulator":{"name":"functions"},"message":"[worker-pool] submitWork(triggerId=)"}}
[debug] [2021-09-11T06:40:11.198Z] [worker-~diagnostic~-7291a3f5-fd6e-4bae-835b-d9f10ee90dda]: Assigning socketPath: \\?\pipe\C:\Users\david\Projects\amazon-clone\functions\8448 {"metadata":{"emulator":{"name":"functions"},"message":"[worker-~diagnostic~-7291a3f5-fd6e-4bae-835b-d9f10ee90dda]: Assigning socketPath: \\\\?\\pipe\\C:\\Users\\david\\Projects\\amazon-clone\\functions\\8448"}}
[debug] [2021-09-11T06:40:11.199Z] [worker-~diagnostic~-7291a3f5-fd6e-4bae-835b-d9f10ee90dda]: BUSY {"metadata":{"emulator":{"name":"functions"},"message":"[worker-~diagnostic~-7291a3f5-fd6e-4bae-835b-d9f10ee90dda]: BUSY"}}
[debug] [2021-09-11T06:40:11.203Z] [worker-~diagnostic~-d1381aee-5241-422e-a140-8a3040ced100]: exited {"metadata":{"emulator":{"name":"functions"},"message":"[worker-~diagnostic~-d1381aee-5241-422e-a140-8a3040ced100]: exited"}}
[debug] [2021-09-11T06:40:11.203Z] [worker-~diagnostic~-d1381aee-5241-422e-a140-8a3040ced100]: FINISHED {"metadata":{"emulator":{"name":"functions"},"message":"[worker-~diagnostic~-d1381aee-5241-422e-a140-8a3040ced100]: FINISHED"}}
[debug] [2021-09-11T06:40:12.827Z] [runtime-status] [8448] Functions runtime initialized. {"cwd":"C:\\Users\\david\\Projects\\amazon-clone\\functions","node_version":"12.19.0"} {"metadata":{"emulator":{"name":"functions"},"message":"[runtime-status] [8448] Functions runtime initialized. {\"cwd\":\"C:\\\\Users\\\\david\\\\Projects\\\\amazon-clone\\\\functions\",\"node_version\":\"12.19.0\"}"}}
[debug] [2021-09-11T06:40:12.838Z] [runtime-status] [8448] Disabled runtime features: undefined {"metadata":{"emulator":{"name":"functions"},"message":"[runtime-status] [8448] Disabled runtime features: undefined"}}
[debug] [2021-09-11T06:40:12.846Z] [runtime-status] [8448] Resolved module firebase-admin {"declared":true,"installed":true,"version":"9.11.1","resolution":"C:\\Users\\david\\Projects\\amazon-clone\\functions\\node_modules\\firebase-admin\\lib\\index.js"} {"metadata":{"emulator":{"name":"functions"},"message":"[runtime-status] [8448] Resolved module firebase-admin {\"declared\":true,\"installed\":true,\"version\":\"9.11.1\",\"resolution\":\"C:\\\\Users\\\\david\\\\Projects\\\\amazon-clone\\\\functions\\\\node_modules\\\\firebase-admin\\\\lib\\\\index.js\"}"}}
[debug] [2021-09-11T06:40:12.863Z] [runtime-status] [8448] Resolved module firebase-functions {"declared":true,"installed":true,"version":"3.15.5","resolution":"C:\\Users\\david\\Projects\\amazon-clone\\functions\\node_modules\\firebase-functions\\lib\\index.js"} {"metadata":{"emulator":{"name":"functions"},"message":"[runtime-status] [8448] Resolved module firebase-functions {\"declared\":true,\"installed\":true,\"version\":\"3.15.5\",\"resolution\":\"C:\\\\Users\\\\david\\\\Projects\\\\amazon-clone\\\\functions\\\\node_modules\\\\firebase-functions\\\\lib\\\\index.js\"}"}}
[debug] [2021-09-11T06:40:12.866Z] [runtime-status] [8448] Resolved module firebase-functions {"declared":true,"installed":true,"version":"3.15.5","resolution":"C:\\Users\\david\\Projects\\amazon-clone\\functions\\node_modules\\firebase-functions\\lib\\index.js"} {"metadata":{"emulator":{"name":"functions"},"message":"[runtime-status] [8448] Resolved module firebase-functions {\"declared\":true,\"installed\":true,\"version\":\"3.15.5\",\"resolution\":\"C:\\\\Users\\\\david\\\\Projects\\\\amazon-clone\\\\functions\\\\node_modules\\\\firebase-functions\\\\lib\\\\index.js\"}"}}
[debug] [2021-09-11T06:40:12.871Z] [runtime-status] [8448] Outgoing network have been stubbed. [{"name":"http","status":"mocked"},{"name":"http","status":"mocked"},{"name":"https","status":"mocked"},{"name":"https","status":"mocked"},{"name":"net","status":"mocked"}] {"metadata":{"emulator":{"name":"functions"},"message":"[runtime-status] [8448] Outgoing network have been stubbed. [{\"name\":\"http\",\"status\":\"mocked\"},{\"name\":\"http\",\"status\":\"mocked\"},{\"name\":\"https\",\"status\":\"mocked\"},{\"name\":\"https\",\"status\":\"mocked\"},{\"name\":\"net\",\"status\":\"mocked\"}]"}}
[debug] [2021-09-11T06:40:12.873Z] [runtime-status] [8448] Resolved module firebase-functions {"declared":true,"installed":true,"version":"3.15.5","resolution":"C:\\Users\\david\\Projects\\amazon-clone\\functions\\node_modules\\firebase-functions\\lib\\index.js"} {"metadata":{"emulator":{"name":"functions"},"message":"[runtime-status] [8448] Resolved module firebase-functions {\"declared\":true,\"installed\":true,\"version\":\"3.15.5\",\"resolution\":\"C:\\\\Users\\\\david\\\\Projects\\\\amazon-clone\\\\functions\\\\node_modules\\\\firebase-functions\\\\lib\\\\index.js\"}"}}
[debug] [2021-09-11T06:40:13.094Z] [runtime-status] [8448] Checked functions.config() {"config":{}} {"metadata":{"emulator":{"name":"functions"},"message":"[runtime-status] [8448] Checked functions.config() {\"config\":{}}"}}
[debug] [2021-09-11T06:40:13.095Z] [runtime-status] [8448] firebase-functions has been stubbed. {"functionsResolution":{"declared":true,"installed":true,"version":"3.15.5","resolution":"C:\\Users\\david\\Projects\\amazon-clone\\functions\\node_modules\\firebase-functions\\lib\\index.js"}} {"metadata":{"emulator":{"name":"functions"},"message":"[runtime-status] [8448] firebase-functions has been stubbed. {\"functionsResolution\":{\"declared\":true,\"installed\":true,\"version\":\"3.15.5\",\"resolution\":\"C:\\\\Users\\\\david\\\\Projects\\\\amazon-clone\\\\functions\\\\node_modules\\\\firebase-functions\\\\lib\\\\index.js\"}}"}}
[debug] [2021-09-11T06:40:13.097Z] [runtime-status] [8448] Resolved module firebase-functions {"declared":true,"installed":true,"version":"3.15.5","resolution":"C:\\Users\\david\\Projects\\amazon-clone\\functions\\node_modules\\firebase-functions\\lib\\index.js"} {"metadata":{"emulator":{"name":"functions"},"message":"[runtime-status] [8448] Resolved module firebase-functions {\"declared\":true,\"installed\":true,\"version\":\"3.15.5\",\"resolution\":\"C:\\\\Users\\\\david\\\\Projects\\\\amazon-clone\\\\functions\\\\node_modules\\\\firebase-functions\\\\lib\\\\index.js\"}"}}
[debug] [2021-09-11T06:40:13.105Z] [runtime-status] [8448] Resolved module firebase-admin {"declared":true,"installed":true,"version":"9.11.1","resolution":"C:\\Users\\david\\Projects\\amazon-clone\\functions\\node_modules\\firebase-admin\\lib\\index.js"} {"metadata":{"emulator":{"name":"functions"},"message":"[runtime-status] [8448] Resolved module firebase-admin {\"declared\":true,\"installed\":true,\"version\":\"9.11.1\",\"resolution\":\"C:\\\\Users\\\\david\\\\Projects\\\\amazon-clone\\\\functions\\\\node_modules\\\\firebase-admin\\\\lib\\\\index.js\"}"}}
[debug] [2021-09-11T06:40:13.108Z] [runtime-status] [8448] Resolved module firebase-functions {"declared":true,"installed":true,"version":"3.15.5","resolution":"C:\\Users\\david\\Projects\\amazon-clone\\functions\\node_modules\\firebase-functions\\lib\\index.js"} {"metadata":{"emulator":{"name":"functions"},"message":"[runtime-status] [8448] Resolved module firebase-functions {\"declared\":true,\"installed\":true,\"version\":\"3.15.5\",\"resolution\":\"C:\\\\Users\\\\david\\\\Projects\\\\amazon-clone\\\\functions\\\\node_modules\\\\firebase-functions\\\\lib\\\\index.js\"}"}}
[debug] [2021-09-11T06:40:13.109Z] [runtime-status] [8448] firebase-admin has been stubbed. {"adminResolution":{"declared":true,"installed":true,"version":"9.11.1","resolution":"C:\\Users\\david\\Projects\\amazon-clone\\functions\\node_modules\\firebase-admin\\lib\\index.js"}} {"metadata":{"emulator":{"name":"functions"},"message":"[runtime-status] [8448] firebase-admin has been stubbed. {\"adminResolution\":{\"declared\":true,\"installed\":true,\"version\":\"9.11.1\",\"resolution\":\"C:\\\\Users\\\\david\\\\Projects\\\\amazon-clone\\\\functions\\\\node_modules\\\\firebase-admin\\\\lib\\\\index.js\"}}"}}
[debug] [2021-09-11T06:40:13.983Z] [worker-~diagnostic~-7291a3f5-fd6e-4bae-835b-d9f10ee90dda]: IDLE {"metadata":{"emulator":{"name":"functions"},"message":"[worker-~diagnostic~-7291a3f5-fd6e-4bae-835b-d9f10ee90dda]: IDLE"}}
[debug] [2021-09-11T06:41:17.388Z] File C:\Users\david\Projects\amazon-clone\functions\index.js changed, reloading triggers {"metadata":{"emulator":{"name":"functions"},"message":"File C:\\Users\\david\\Projects\\amazon-clone\\functions\\index.js changed, reloading triggers"}}
[debug] [2021-09-11T06:41:18.401Z] [worker-pool] Shutting down IDLE worker (~diagnostic~) {"metadata":{"emulator":{"name":"functions"},"message":"[worker-pool] Shutting down IDLE worker (~diagnostic~)"}}
[debug] [2021-09-11T06:41:18.401Z] [worker-~diagnostic~-7291a3f5-fd6e-4bae-835b-d9f10ee90dda]: FINISHING {"metadata":{"emulator":{"name":"functions"},"message":"[worker-~diagnostic~-7291a3f5-fd6e-4bae-835b-d9f10ee90dda]: FINISHING"}}
[debug] [2021-09-11T06:41:18.402Z] [worker-pool] Cleaned up workers for ~diagnostic~: 2 --> 1 {"metadata":{"emulator":{"name":"functions"},"message":"[worker-pool] Cleaned up workers for ~diagnostic~: 2 --> 1"}}
[debug] [2021-09-11T06:41:18.423Z] [worker-pool] addWorker(~diagnostic~) {"metadata":{"emulator":{"name":"functions"},"message":"[worker-pool] addWorker(~diagnostic~)"}}
[debug] [2021-09-11T06:41:18.424Z] [worker-pool] Adding worker with key ~diagnostic~, total=2 {"metadata":{"emulator":{"name":"functions"},"message":"[worker-pool] Adding worker with key ~diagnostic~, total=2"}}
[debug] [2021-09-11T06:41:18.424Z] [worker-pool] submitWork(triggerId=) {"metadata":{"emulator":{"name":"functions"},"message":"[worker-pool] submitWork(triggerId=)"}}
[debug] [2021-09-11T06:41:18.424Z] [worker-~diagnostic~-1d62ab4b-9303-44d7-b943-858796a940e8]: Assigning socketPath: \\?\pipe\C:\Users\david\Projects\amazon-clone\functions\17552 {"metadata":{"emulator":{"name":"functions"},"message":"[worker-~diagnostic~-1d62ab4b-9303-44d7-b943-858796a940e8]: Assigning socketPath: \\\\?\\pipe\\C:\\Users\\david\\Projects\\amazon-clone\\functions\\17552"}}
[debug] [2021-09-11T06:41:18.424Z] [worker-~diagnostic~-1d62ab4b-9303-44d7-b943-858796a940e8]: BUSY {"metadata":{"emulator":{"name":"functions"},"message":"[worker-~diagnostic~-1d62ab4b-9303-44d7-b943-858796a940e8]: BUSY"}}
[debug] [2021-09-11T06:41:18.425Z] [worker-~diagnostic~-7291a3f5-fd6e-4bae-835b-d9f10ee90dda]: exited {"metadata":{"emulator":{"name":"functions"},"message":"[worker-~diagnostic~-7291a3f5-fd6e-4bae-835b-d9f10ee90dda]: exited"}}
[debug] [2021-09-11T06:41:18.425Z] [worker-~diagnostic~-7291a3f5-fd6e-4bae-835b-d9f10ee90dda]: FINISHED {"metadata":{"emulator":{"name":"functions"},"message":"[worker-~diagnostic~-7291a3f5-fd6e-4bae-835b-d9f10ee90dda]: FINISHED"}}
[debug] [2021-09-11T06:41:19.994Z] [runtime-status] [17552] Functions runtime initialized. {"cwd":"C:\\Users\\david\\Projects\\amazon-clone\\functions","node_version":"12.19.0"} {"metadata":{"emulator":{"name":"functions"},"message":"[runtime-status] [17552] Functions runtime initialized. {\"cwd\":\"C:\\\\Users\\\\david\\\\Projects\\\\amazon-clone\\\\functions\",\"node_version\":\"12.19.0\"}"}}
[debug] [2021-09-11T06:41:19.999Z] [runtime-status] [17552] Disabled runtime features: undefined {"metadata":{"emulator":{"name":"functions"},"message":"[runtime-status] [17552] Disabled runtime features: undefined"}}
[debug] [2021-09-11T06:41:20.012Z] [runtime-status] [17552] Resolved module firebase-admin {"declared":true,"installed":true,"version":"9.11.1","resolution":"C:\\Users\\david\\Projects\\amazon-clone\\functions\\node_modules\\firebase-admin\\lib\\index.js"} {"metadata":{"emulator":{"name":"functions"},"message":"[runtime-status] [17552] Resolved module firebase-admin {\"declared\":true,\"installed\":true,\"version\":\"9.11.1\",\"resolution\":\"C:\\\\Users\\\\david\\\\Projects\\\\amazon-clone\\\\functions\\\\node_modules\\\\firebase-admin\\\\lib\\\\index.js\"}"}}
[debug] [2021-09-11T06:41:20.039Z] [runtime-status] [17552] Resolved module firebase-functions {"declared":true,"installed":true,"version":"3.15.5","resolution":"C:\\Users\\david\\Projects\\amazon-clone\\functions\\node_modules\\firebase-functions\\lib\\index.js"} {"metadata":{"emulator":{"name":"functions"},"message":"[runtime-status] [17552] Resolved module firebase-functions {\"declared\":true,\"installed\":true,\"version\":\"3.15.5\",\"resolution\":\"C:\\\\Users\\\\david\\\\Projects\\\\amazon-clone\\\\functions\\\\node_modules\\\\firebase-functions\\\\lib\\\\index.js\"}"}}
[debug] [2021-09-11T06:41:20.043Z] [runtime-status] [17552] Resolved module firebase-functions {"declared":true,"installed":true,"version":"3.15.5","resolution":"C:\\Users\\david\\Projects\\amazon-clone\\functions\\node_modules\\firebase-functions\\lib\\index.js"} {"metadata":{"emulator":{"name":"functions"},"message":"[runtime-status] [17552] Resolved module firebase-functions {\"declared\":true,\"installed\":true,\"version\":\"3.15.5\",\"resolution\":\"C:\\\\Users\\\\david\\\\Projects\\\\amazon-clone\\\\functions\\\\node_modules\\\\firebase-functions\\\\lib\\\\index.js\"}"}}
[debug] [2021-09-11T06:41:20.047Z] [runtime-status] [17552] Outgoing network have been stubbed. [{"name":"http","status":"mocked"},{"name":"http","status":"mocked"},{"name":"https","status":"mocked"},{"name":"https","status":"mocked"},{"name":"net","status":"mocked"}] {"metadata":{"emulator":{"name":"functions"},"message":"[runtime-status] [17552] Outgoing network have been stubbed. [{\"name\":\"http\",\"status\":\"mocked\"},{\"name\":\"http\",\"status\":\"mocked\"},{\"name\":\"https\",\"status\":\"mocked\"},{\"name\":\"https\",\"status\":\"mocked\"},{\"name\":\"net\",\"status\":\"mocked\"}]"}}
[debug] [2021-09-11T06:41:20.050Z] [runtime-status] [17552] Resolved module firebase-functions {"declared":true,"installed":true,"version":"3.15.5","resolution":"C:\\Users\\david\\Projects\\amazon-clone\\functions\\node_modules\\firebase-functions\\lib\\index.js"} {"metadata":{"emulator":{"name":"functions"},"message":"[runtime-status] [17552] Resolved module firebase-functions {\"declared\":true,\"installed\":true,\"version\":\"3.15.5\",\"resolution\":\"C:\\\\Users\\\\david\\\\Projects\\\\amazon-clone\\\\functions\\\\node_modules\\\\firebase-functions\\\\lib\\\\index.js\"}"}}
[debug] [2021-09-11T06:41:20.251Z] [runtime-status] [17552] Checked functions.config() {"config":{}} {"metadata":{"emulator":{"name":"functions"},"message":"[runtime-status] [17552] Checked functions.config() {\"config\":{}}"}}
[debug] [2021-09-11T06:41:20.251Z] [runtime-status] [17552] firebase-functions has been stubbed. {"functionsResolution":{"declared":true,"installed":true,"version":"3.15.5","resolution":"C:\\Users\\david\\Projects\\amazon-clone\\functions\\node_modules\\firebase-functions\\lib\\index.js"}} {"metadata":{"emulator":{"name":"functions"},"message":"[runtime-status] [17552] firebase-functions has been stubbed. {\"functionsResolution\":{\"declared\":true,\"installed\":true,\"version\":\"3.15.5\",\"resolution\":\"C:\\\\Users\\\\david\\\\Projects\\\\amazon-clone\\\\functions\\\\node_modules\\\\firebase-functions\\\\lib\\\\index.js\"}}"}}
[debug] [2021-09-11T06:41:20.253Z] [runtime-status] [17552] Resolved module firebase-functions {"declared":true,"installed":true,"version":"3.15.5","resolution":"C:\\Users\\david\\Projects\\amazon-clone\\functions\\node_modules\\firebase-functions\\lib\\index.js"} {"metadata":{"emulator":{"name":"functions"},"message":"[runtime-status] [17552] Resolved module firebase-functions {\"declared\":true,\"installed\":true,\"version\":\"3.15.5\",\"resolution\":\"C:\\\\Users\\\\david\\\\Projects\\\\amazon-clone\\\\functions\\\\node_modules\\\\firebase-functions\\\\lib\\\\index.js\"}"}}
[debug] [2021-09-11T06:41:20.257Z] [runtime-status] [17552] Resolved module firebase-admin {"declared":true,"installed":true,"version":"9.11.1","resolution":"C:\\Users\\david\\Projects\\amazon-clone\\functions\\node_modules\\firebase-admin\\lib\\index.js"} {"metadata":{"emulator":{"name":"functions"},"message":"[runtime-status] [17552] Resolved module firebase-admin {\"declared\":true,\"installed\":true,\"version\":\"9.11.1\",\"resolution\":\"C:\\\\Users\\\\david\\\\Projects\\\\amazon-clone\\\\functions\\\\node_modules\\\\firebase-admin\\\\lib\\\\index.js\"}"}}
[debug] [2021-09-11T06:41:20.259Z] [runtime-status] [17552] Resolved module firebase-functions {"declared":true,"installed":true,"version":"3.15.5","resolution":"C:\\Users\\david\\Projects\\amazon-clone\\functions\\node_modules\\firebase-functions\\lib\\index.js"} {"metadata":{"emulator":{"name":"functions"},"message":"[runtime-status] [17552] Resolved module firebase-functions {\"declared\":true,\"installed\":true,\"version\":\"3.15.5\",\"resolution\":\"C:\\\\Users\\\\david\\\\Projects\\\\amazon-clone\\\\functions\\\\node_modules\\\\firebase-functions\\\\lib\\\\index.js\"}"}}
[debug] [2021-09-11T06:41:20.259Z] [runtime-status] [17552] firebase-admin has been stubbed. {"adminResolution":{"declared":true,"installed":true,"version":"9.11.1","resolution":"C:\\Users\\david\\Projects\\amazon-clone\\functions\\node_modules\\firebase-admin\\lib\\index.js"}} {"metadata":{"emulator":{"name":"functions"},"message":"[runtime-status] [17552] firebase-admin has been stubbed. {\"adminResolution\":{\"declared\":true,\"installed\":true,\"version\":\"9.11.1\",\"resolution\":\"C:\\\\Users\\\\david\\\\Projects\\\\amazon-clone\\\\functions\\\\node_modules\\\\firebase-admin\\\\lib\\\\index.js\"}}"}}
[debug] [2021-09-11T06:41:20.856Z] [worker-~diagnostic~-1d62ab4b-9303-44d7-b943-858796a940e8]: IDLE {"metadata":{"emulator":{"name":"functions"},"message":"[worker-~diagnostic~-1d62ab4b-9303-44d7-b943-858796a940e8]: IDLE"}}
[info] i  hosting: 127.0.0.1 - - [11/Sep/2021:06:41:24 +0000] "GET /f HTTP/1.1" 200 3029 "-" "Mozilla/5.0 (Windows NT 10.0; Win64; x64) AppleWebKit/537.36 (KHTML, like Gecko) Chrome/92.0.4515.159 Safari/537.36" {"metadata":{"emulator":{"name":"hosting"},"message":"127.0.0.1 - - [11/Sep/2021:06:41:24 +0000] \"GET /f HTTP/1.1\" 200 3029 \"-\" \"Mozilla/5.0 (Windows NT 10.0; Win64; x64) AppleWebKit/537.36 (KHTML, like Gecko) Chrome/92.0.4515.159 Safari/537.36\""}}
[debug] [2021-09-11T06:41:34.992Z] File C:\Users\david\Projects\amazon-clone\functions\index.js changed, reloading triggers {"metadata":{"emulator":{"name":"functions"},"message":"File C:\\Users\\david\\Projects\\amazon-clone\\functions\\index.js changed, reloading triggers"}}
[debug] [2021-09-11T06:41:35.995Z] [worker-pool] Shutting down IDLE worker (~diagnostic~) {"metadata":{"emulator":{"name":"functions"},"message":"[worker-pool] Shutting down IDLE worker (~diagnostic~)"}}
[debug] [2021-09-11T06:41:35.996Z] [worker-~diagnostic~-1d62ab4b-9303-44d7-b943-858796a940e8]: FINISHING {"metadata":{"emulator":{"name":"functions"},"message":"[worker-~diagnostic~-1d62ab4b-9303-44d7-b943-858796a940e8]: FINISHING"}}
[debug] [2021-09-11T06:41:35.996Z] [worker-pool] Cleaned up workers for ~diagnostic~: 2 --> 1 {"metadata":{"emulator":{"name":"functions"},"message":"[worker-pool] Cleaned up workers for ~diagnostic~: 2 --> 1"}}
[debug] [2021-09-11T06:41:36.027Z] [worker-pool] addWorker(~diagnostic~) {"metadata":{"emulator":{"name":"functions"},"message":"[worker-pool] addWorker(~diagnostic~)"}}
[debug] [2021-09-11T06:41:36.028Z] [worker-pool] Adding worker with key ~diagnostic~, total=2 {"metadata":{"emulator":{"name":"functions"},"message":"[worker-pool] Adding worker with key ~diagnostic~, total=2"}}
[debug] [2021-09-11T06:41:36.028Z] [worker-pool] submitWork(triggerId=) {"metadata":{"emulator":{"name":"functions"},"message":"[worker-pool] submitWork(triggerId=)"}}
[debug] [2021-09-11T06:41:36.028Z] [worker-~diagnostic~-cdd7dee2-0059-466c-aca5-edb1a4baa777]: Assigning socketPath: \\?\pipe\C:\Users\david\Projects\amazon-clone\functions\33836 {"metadata":{"emulator":{"name":"functions"},"message":"[worker-~diagnostic~-cdd7dee2-0059-466c-aca5-edb1a4baa777]: Assigning socketPath: \\\\?\\pipe\\C:\\Users\\david\\Projects\\amazon-clone\\functions\\33836"}}
[debug] [2021-09-11T06:41:36.028Z] [worker-~diagnostic~-cdd7dee2-0059-466c-aca5-edb1a4baa777]: BUSY {"metadata":{"emulator":{"name":"functions"},"message":"[worker-~diagnostic~-cdd7dee2-0059-466c-aca5-edb1a4baa777]: BUSY"}}
[debug] [2021-09-11T06:41:36.033Z] [worker-~diagnostic~-1d62ab4b-9303-44d7-b943-858796a940e8]: exited {"metadata":{"emulator":{"name":"functions"},"message":"[worker-~diagnostic~-1d62ab4b-9303-44d7-b943-858796a940e8]: exited"}}
[debug] [2021-09-11T06:41:36.035Z] [worker-~diagnostic~-1d62ab4b-9303-44d7-b943-858796a940e8]: FINISHED {"metadata":{"emulator":{"name":"functions"},"message":"[worker-~diagnostic~-1d62ab4b-9303-44d7-b943-858796a940e8]: FINISHED"}}
[debug] [2021-09-11T06:41:37.099Z] [runtime-status] [33836] Functions runtime initialized. {"cwd":"C:\\Users\\david\\Projects\\amazon-clone\\functions","node_version":"12.19.0"} {"metadata":{"emulator":{"name":"functions"},"message":"[runtime-status] [33836] Functions runtime initialized. {\"cwd\":\"C:\\\\Users\\\\david\\\\Projects\\\\amazon-clone\\\\functions\",\"node_version\":\"12.19.0\"}"}}
[debug] [2021-09-11T06:41:37.107Z] [runtime-status] [33836] Disabled runtime features: undefined {"metadata":{"emulator":{"name":"functions"},"message":"[runtime-status] [33836] Disabled runtime features: undefined"}}
[debug] [2021-09-11T06:41:37.118Z] [runtime-status] [33836] Resolved module firebase-admin {"declared":true,"installed":true,"version":"9.11.1","resolution":"C:\\Users\\david\\Projects\\amazon-clone\\functions\\node_modules\\firebase-admin\\lib\\index.js"} {"metadata":{"emulator":{"name":"functions"},"message":"[runtime-status] [33836] Resolved module firebase-admin {\"declared\":true,\"installed\":true,\"version\":\"9.11.1\",\"resolution\":\"C:\\\\Users\\\\david\\\\Projects\\\\amazon-clone\\\\functions\\\\node_modules\\\\firebase-admin\\\\lib\\\\index.js\"}"}}
[debug] [2021-09-11T06:41:37.126Z] [runtime-status] [33836] Resolved module firebase-functions {"declared":true,"installed":true,"version":"3.15.5","resolution":"C:\\Users\\david\\Projects\\amazon-clone\\functions\\node_modules\\firebase-functions\\lib\\index.js"} {"metadata":{"emulator":{"name":"functions"},"message":"[runtime-status] [33836] Resolved module firebase-functions {\"declared\":true,\"installed\":true,\"version\":\"3.15.5\",\"resolution\":\"C:\\\\Users\\\\david\\\\Projects\\\\amazon-clone\\\\functions\\\\node_modules\\\\firebase-functions\\\\lib\\\\index.js\"}"}}
[debug] [2021-09-11T06:41:37.129Z] [runtime-status] [33836] Resolved module firebase-functions {"declared":true,"installed":true,"version":"3.15.5","resolution":"C:\\Users\\david\\Projects\\amazon-clone\\functions\\node_modules\\firebase-functions\\lib\\index.js"} {"metadata":{"emulator":{"name":"functions"},"message":"[runtime-status] [33836] Resolved module firebase-functions {\"declared\":true,\"installed\":true,\"version\":\"3.15.5\",\"resolution\":\"C:\\\\Users\\\\david\\\\Projects\\\\amazon-clone\\\\functions\\\\node_modules\\\\firebase-functions\\\\lib\\\\index.js\"}"}}
[debug] [2021-09-11T06:41:37.132Z] [runtime-status] [33836] Outgoing network have been stubbed. [{"name":"http","status":"mocked"},{"name":"http","status":"mocked"},{"name":"https","status":"mocked"},{"name":"https","status":"mocked"},{"name":"net","status":"mocked"}] {"metadata":{"emulator":{"name":"functions"},"message":"[runtime-status] [33836] Outgoing network have been stubbed. [{\"name\":\"http\",\"status\":\"mocked\"},{\"name\":\"http\",\"status\":\"mocked\"},{\"name\":\"https\",\"status\":\"mocked\"},{\"name\":\"https\",\"status\":\"mocked\"},{\"name\":\"net\",\"status\":\"mocked\"}]"}}
[debug] [2021-09-11T06:41:37.134Z] [runtime-status] [33836] Resolved module firebase-functions {"declared":true,"installed":true,"version":"3.15.5","resolution":"C:\\Users\\david\\Projects\\amazon-clone\\functions\\node_modules\\firebase-functions\\lib\\index.js"} {"metadata":{"emulator":{"name":"functions"},"message":"[runtime-status] [33836] Resolved module firebase-functions {\"declared\":true,\"installed\":true,\"version\":\"3.15.5\",\"resolution\":\"C:\\\\Users\\\\david\\\\Projects\\\\amazon-clone\\\\functions\\\\node_modules\\\\firebase-functions\\\\lib\\\\index.js\"}"}}
[debug] [2021-09-11T06:41:37.280Z] [runtime-status] [33836] Checked functions.config() {"config":{}} {"metadata":{"emulator":{"name":"functions"},"message":"[runtime-status] [33836] Checked functions.config() {\"config\":{}}"}}
[debug] [2021-09-11T06:41:37.281Z] [runtime-status] [33836] firebase-functions has been stubbed. {"functionsResolution":{"declared":true,"installed":true,"version":"3.15.5","resolution":"C:\\Users\\david\\Projects\\amazon-clone\\functions\\node_modules\\firebase-functions\\lib\\index.js"}} {"metadata":{"emulator":{"name":"functions"},"message":"[runtime-status] [33836] firebase-functions has been stubbed. {\"functionsResolution\":{\"declared\":true,\"installed\":true,\"version\":\"3.15.5\",\"resolution\":\"C:\\\\Users\\\\david\\\\Projects\\\\amazon-clone\\\\functions\\\\node_modules\\\\firebase-functions\\\\lib\\\\index.js\"}}"}}
[debug] [2021-09-11T06:41:37.283Z] [runtime-status] [33836] Resolved module firebase-functions {"declared":true,"installed":true,"version":"3.15.5","resolution":"C:\\Users\\david\\Projects\\amazon-clone\\functions\\node_modules\\firebase-functions\\lib\\index.js"} {"metadata":{"emulator":{"name":"functions"},"message":"[runtime-status] [33836] Resolved module firebase-functions {\"declared\":true,\"installed\":true,\"version\":\"3.15.5\",\"resolution\":\"C:\\\\Users\\\\david\\\\Projects\\\\amazon-clone\\\\functions\\\\node_modules\\\\firebase-functions\\\\lib\\\\index.js\"}"}}
[debug] [2021-09-11T06:41:37.286Z] [runtime-status] [33836] Resolved module firebase-admin {"declared":true,"installed":true,"version":"9.11.1","resolution":"C:\\Users\\david\\Projects\\amazon-clone\\functions\\node_modules\\firebase-admin\\lib\\index.js"} {"metadata":{"emulator":{"name":"functions"},"message":"[runtime-status] [33836] Resolved module firebase-admin {\"declared\":true,\"installed\":true,\"version\":\"9.11.1\",\"resolution\":\"C:\\\\Users\\\\david\\\\Projects\\\\amazon-clone\\\\functions\\\\node_modules\\\\firebase-admin\\\\lib\\\\index.js\"}"}}
[debug] [2021-09-11T06:41:37.288Z] [runtime-status] [33836] Resolved module firebase-functions {"declared":true,"installed":true,"version":"3.15.5","resolution":"C:\\Users\\david\\Projects\\amazon-clone\\functions\\node_modules\\firebase-functions\\lib\\index.js"} {"metadata":{"emulator":{"name":"functions"},"message":"[runtime-status] [33836] Resolved module firebase-functions {\"declared\":true,\"installed\":true,\"version\":\"3.15.5\",\"resolution\":\"C:\\\\Users\\\\david\\\\Projects\\\\amazon-clone\\\\functions\\\\node_modules\\\\firebase-functions\\\\lib\\\\index.js\"}"}}
[debug] [2021-09-11T06:41:37.288Z] [runtime-status] [33836] firebase-admin has been stubbed. {"adminResolution":{"declared":true,"installed":true,"version":"9.11.1","resolution":"C:\\Users\\david\\Projects\\amazon-clone\\functions\\node_modules\\firebase-admin\\lib\\index.js"}} {"metadata":{"emulator":{"name":"functions"},"message":"[runtime-status] [33836] firebase-admin has been stubbed. {\"adminResolution\":{\"declared\":true,\"installed\":true,\"version\":\"9.11.1\",\"resolution\":\"C:\\\\Users\\\\david\\\\Projects\\\\amazon-clone\\\\functions\\\\node_modules\\\\firebase-admin\\\\lib\\\\index.js\"}}"}}
[debug] [2021-09-11T06:41:37.788Z] [worker-~diagnostic~-cdd7dee2-0059-466c-aca5-edb1a4baa777]: IDLE {"metadata":{"emulator":{"name":"functions"},"message":"[worker-~diagnostic~-cdd7dee2-0059-466c-aca5-edb1a4baa777]: IDLE"}}
[info] i  hosting: 127.0.0.1 - - [11/Sep/2021:06:41:38 +0000] "GET /api HTTP/1.1" 200 3029 "-" "Mozilla/5.0 (Windows NT 10.0; Win64; x64) AppleWebKit/537.36 (KHTML, like Gecko) Chrome/92.0.4515.159 Safari/537.36" {"metadata":{"emulator":{"name":"hosting"},"message":"127.0.0.1 - - [11/Sep/2021:06:41:38 +0000] \"GET /api HTTP/1.1\" 200 3029 \"-\" \"Mozilla/5.0 (Windows NT 10.0; Win64; x64) AppleWebKit/537.36 (KHTML, like Gecko) Chrome/92.0.4515.159 Safari/537.36\""}}
[info] i  hosting: 127.0.0.1 - - [11/Sep/2021:06:41:52 +0000] "GET /apiasdfasdf HTTP/1.1" 200 3029 "-" "Mozilla/5.0 (Windows NT 10.0; Win64; x64) AppleWebKit/537.36 (KHTML, like Gecko) Chrome/92.0.4515.159 Safari/537.36" {"metadata":{"emulator":{"name":"hosting"},"message":"127.0.0.1 - - [11/Sep/2021:06:41:52 +0000] \"GET /apiasdfasdf HTTP/1.1\" 200 3029 \"-\" \"Mozilla/5.0 (Windows NT 10.0; Win64; x64) AppleWebKit/537.36 (KHTML, like Gecko) Chrome/92.0.4515.159 Safari/537.36\""}}
[debug] [2021-09-11T06:45:49.363Z] [work-queue] {"queueLength":1,"workRunningCount":0}
[debug] [2021-09-11T06:45:49.364Z] [work-queue] {"queueLength":0,"workRunningCount":1}
[debug] [2021-09-11T06:45:49.365Z] Accepted request GET /clone-c885b/us-central1/api --> us-central1-api
[debug] [2021-09-11T06:45:49.365Z] [worker-pool] Cleaned up workers for ~diagnostic~: 2 --> 1 {"metadata":{"emulator":{"name":"functions"},"message":"[worker-pool] Cleaned up workers for ~diagnostic~: 2 --> 1"}}
[debug] [2021-09-11T06:45:49.386Z] [worker-pool] addWorker(us-central1-api) {"metadata":{"emulator":{"name":"functions"},"message":"[worker-pool] addWorker(us-central1-api)"}}
[debug] [2021-09-11T06:45:49.387Z] [worker-pool] Adding worker with key us-central1-api, total=1 {"metadata":{"emulator":{"name":"functions"},"message":"[worker-pool] Adding worker with key us-central1-api, total=1"}}
[debug] [2021-09-11T06:45:49.387Z] [worker-pool] submitWork(triggerId=us-central1-api) {"metadata":{"emulator":{"name":"functions"},"message":"[worker-pool] submitWork(triggerId=us-central1-api)"}}
[debug] [2021-09-11T06:45:49.387Z] [worker-us-central1-api-20241f81-b4e3-4341-bbce-8f45c31d86dd]: Assigning socketPath: \\?\pipe\C:\Users\david\Projects\amazon-clone\functions\18988 {"metadata":{"emulator":{"name":"functions"},"message":"[worker-us-central1-api-20241f81-b4e3-4341-bbce-8f45c31d86dd]: Assigning socketPath: \\\\?\\pipe\\C:\\Users\\david\\Projects\\amazon-clone\\functions\\18988"}}
[debug] [2021-09-11T06:45:49.387Z] [worker-us-central1-api-20241f81-b4e3-4341-bbce-8f45c31d86dd]: BUSY {"metadata":{"emulator":{"name":"functions"},"message":"[worker-us-central1-api-20241f81-b4e3-4341-bbce-8f45c31d86dd]: BUSY"}}
[debug] [2021-09-11T06:45:50.743Z] [runtime-status] [18988] Functions runtime initialized. {"cwd":"C:\\Users\\david\\Projects\\amazon-clone\\functions","node_version":"12.19.0"} {"metadata":{"emulator":{"name":"functions"},"function":{"name":"us-central1-api"},"message":"[runtime-status] [18988] Functions runtime initialized. {\"cwd\":\"C:\\\\Users\\\\david\\\\Projects\\\\amazon-clone\\\\functions\",\"node_version\":\"12.19.0\"}"}}
[debug] [2021-09-11T06:45:50.753Z] [runtime-status] [18988] Disabled runtime features: undefined {"metadata":{"emulator":{"name":"functions"},"function":{"name":"us-central1-api"},"message":"[runtime-status] [18988] Disabled runtime features: undefined"}}
[debug] [2021-09-11T06:45:50.768Z] [runtime-status] [18988] Resolved module firebase-admin {"declared":true,"installed":true,"version":"9.11.1","resolution":"C:\\Users\\david\\Projects\\amazon-clone\\functions\\node_modules\\firebase-admin\\lib\\index.js"} {"metadata":{"emulator":{"name":"functions"},"function":{"name":"us-central1-api"},"message":"[runtime-status] [18988] Resolved module firebase-admin {\"declared\":true,\"installed\":true,\"version\":\"9.11.1\",\"resolution\":\"C:\\\\Users\\\\david\\\\Projects\\\\amazon-clone\\\\functions\\\\node_modules\\\\firebase-admin\\\\lib\\\\index.js\"}"}}
[debug] [2021-09-11T06:45:50.777Z] [runtime-status] [18988] Resolved module firebase-functions {"declared":true,"installed":true,"version":"3.15.5","resolution":"C:\\Users\\david\\Projects\\amazon-clone\\functions\\node_modules\\firebase-functions\\lib\\index.js"} {"metadata":{"emulator":{"name":"functions"},"function":{"name":"us-central1-api"},"message":"[runtime-status] [18988] Resolved module firebase-functions {\"declared\":true,\"installed\":true,\"version\":\"3.15.5\",\"resolution\":\"C:\\\\Users\\\\david\\\\Projects\\\\amazon-clone\\\\functions\\\\node_modules\\\\firebase-functions\\\\lib\\\\index.js\"}"}}
[debug] [2021-09-11T06:45:50.780Z] [runtime-status] [18988] Resolved module firebase-functions {"declared":true,"installed":true,"version":"3.15.5","resolution":"C:\\Users\\david\\Projects\\amazon-clone\\functions\\node_modules\\firebase-functions\\lib\\index.js"} {"metadata":{"emulator":{"name":"functions"},"function":{"name":"us-central1-api"},"message":"[runtime-status] [18988] Resolved module firebase-functions {\"declared\":true,\"installed\":true,\"version\":\"3.15.5\",\"resolution\":\"C:\\\\Users\\\\david\\\\Projects\\\\amazon-clone\\\\functions\\\\node_modules\\\\firebase-functions\\\\lib\\\\index.js\"}"}}
[debug] [2021-09-11T06:45:50.784Z] [runtime-status] [18988] Outgoing network have been stubbed. [{"name":"http","status":"mocked"},{"name":"http","status":"mocked"},{"name":"https","status":"mocked"},{"name":"https","status":"mocked"},{"name":"net","status":"mocked"}] {"metadata":{"emulator":{"name":"functions"},"function":{"name":"us-central1-api"},"message":"[runtime-status] [18988] Outgoing network have been stubbed. [{\"name\":\"http\",\"status\":\"mocked\"},{\"name\":\"http\",\"status\":\"mocked\"},{\"name\":\"https\",\"status\":\"mocked\"},{\"name\":\"https\",\"status\":\"mocked\"},{\"name\":\"net\",\"status\":\"mocked\"}]"}}
[debug] [2021-09-11T06:45:50.786Z] [runtime-status] [18988] Resolved module firebase-functions {"declared":true,"installed":true,"version":"3.15.5","resolution":"C:\\Users\\david\\Projects\\amazon-clone\\functions\\node_modules\\firebase-functions\\lib\\index.js"} {"metadata":{"emulator":{"name":"functions"},"function":{"name":"us-central1-api"},"message":"[runtime-status] [18988] Resolved module firebase-functions {\"declared\":true,\"installed\":true,\"version\":\"3.15.5\",\"resolution\":\"C:\\\\Users\\\\david\\\\Projects\\\\amazon-clone\\\\functions\\\\node_modules\\\\firebase-functions\\\\lib\\\\index.js\"}"}}
[debug] [2021-09-11T06:45:50.926Z] [runtime-status] [18988] Checked functions.config() {"config":{}} {"metadata":{"emulator":{"name":"functions"},"function":{"name":"us-central1-api"},"message":"[runtime-status] [18988] Checked functions.config() {\"config\":{}}"}}
[debug] [2021-09-11T06:45:50.927Z] [runtime-status] [18988] firebase-functions has been stubbed. {"functionsResolution":{"declared":true,"installed":true,"version":"3.15.5","resolution":"C:\\Users\\david\\Projects\\amazon-clone\\functions\\node_modules\\firebase-functions\\lib\\index.js"}} {"metadata":{"emulator":{"name":"functions"},"function":{"name":"us-central1-api"},"message":"[runtime-status] [18988] firebase-functions has been stubbed. {\"functionsResolution\":{\"declared\":true,\"installed\":true,\"version\":\"3.15.5\",\"resolution\":\"C:\\\\Users\\\\david\\\\Projects\\\\amazon-clone\\\\functions\\\\node_modules\\\\firebase-functions\\\\lib\\\\index.js\"}}"}}
[debug] [2021-09-11T06:45:50.930Z] [runtime-status] [18988] Resolved module firebase-functions {"declared":true,"installed":true,"version":"3.15.5","resolution":"C:\\Users\\david\\Projects\\amazon-clone\\functions\\node_modules\\firebase-functions\\lib\\index.js"} {"metadata":{"emulator":{"name":"functions"},"function":{"name":"us-central1-api"},"message":"[runtime-status] [18988] Resolved module firebase-functions {\"declared\":true,\"installed\":true,\"version\":\"3.15.5\",\"resolution\":\"C:\\\\Users\\\\david\\\\Projects\\\\amazon-clone\\\\functions\\\\node_modules\\\\firebase-functions\\\\lib\\\\index.js\"}"}}
[debug] [2021-09-11T06:45:50.934Z] [runtime-status] [18988] Resolved module firebase-admin {"declared":true,"installed":true,"version":"9.11.1","resolution":"C:\\Users\\david\\Projects\\amazon-clone\\functions\\node_modules\\firebase-admin\\lib\\index.js"} {"metadata":{"emulator":{"name":"functions"},"function":{"name":"us-central1-api"},"message":"[runtime-status] [18988] Resolved module firebase-admin {\"declared\":true,\"installed\":true,\"version\":\"9.11.1\",\"resolution\":\"C:\\\\Users\\\\david\\\\Projects\\\\amazon-clone\\\\functions\\\\node_modules\\\\firebase-admin\\\\lib\\\\index.js\"}"}}
[debug] [2021-09-11T06:45:50.936Z] [runtime-status] [18988] Resolved module firebase-functions {"declared":true,"installed":true,"version":"3.15.5","resolution":"C:\\Users\\david\\Projects\\amazon-clone\\functions\\node_modules\\firebase-functions\\lib\\index.js"} {"metadata":{"emulator":{"name":"functions"},"function":{"name":"us-central1-api"},"message":"[runtime-status] [18988] Resolved module firebase-functions {\"declared\":true,\"installed\":true,\"version\":\"3.15.5\",\"resolution\":\"C:\\\\Users\\\\david\\\\Projects\\\\amazon-clone\\\\functions\\\\node_modules\\\\firebase-functions\\\\lib\\\\index.js\"}"}}
[debug] [2021-09-11T06:45:50.936Z] [runtime-status] [18988] firebase-admin has been stubbed. {"adminResolution":{"declared":true,"installed":true,"version":"9.11.1","resolution":"C:\\Users\\david\\Projects\\amazon-clone\\functions\\node_modules\\firebase-admin\\lib\\index.js"}} {"metadata":{"emulator":{"name":"functions"},"function":{"name":"us-central1-api"},"message":"[runtime-status] [18988] firebase-admin has been stubbed. {\"adminResolution\":{\"declared\":true,\"installed\":true,\"version\":\"9.11.1\",\"resolution\":\"C:\\\\Users\\\\david\\\\Projects\\\\amazon-clone\\\\functions\\\\node_modules\\\\firebase-admin\\\\lib\\\\index.js\"}}"}}
[debug] [2021-09-11T06:45:52.100Z] [runtime-status] [18988] Trigger "us-central1-api" has been found, beginning invocation! {"metadata":{"emulator":{"name":"functions"},"function":{"name":"us-central1-api"},"message":"[runtime-status] [18988] Trigger \"us-central1-api\" has been found, beginning invocation!"}}
[info] i  functions: Beginning execution of "us-central1-api" {"metadata":{"emulator":{"name":"functions"},"function":{"name":"us-central1-api"},"message":"Beginning execution of \"us-central1-api\""}}
[debug] [2021-09-11T06:45:52.102Z] [runtime-status] [18988] triggerDefinition {"httpsTrigger":{},"name":"api","entryPoint":"api","regions":["us-central1"],"region":"us-central1","id":"us-central1-api"} {"metadata":{"emulator":{"name":"functions"},"function":{"name":"us-central1-api"},"message":"[runtime-status] [18988] triggerDefinition {\"httpsTrigger\":{},\"name\":\"api\",\"entryPoint\":\"api\",\"regions\":[\"us-central1\"],\"region\":\"us-central1\",\"id\":\"us-central1-api\"}"}}
[debug] [2021-09-11T06:45:52.102Z] [runtime-status] [18988] Running us-central1-api in mode HTTPS {"metadata":{"emulator":{"name":"functions"},"function":{"name":"us-central1-api"},"message":"[runtime-status] [18988] Running us-central1-api in mode HTTPS"}}
[debug] [2021-09-11T06:45:52.122Z] [runtime-status] [18988] Attempting to listen to socketPath: \\?\pipe\C:\Users\david\Projects\amazon-clone\functions\18988 {"metadata":{"emulator":{"name":"functions"},"function":{"name":"us-central1-api"},"message":"[runtime-status] [18988] Attempting to listen to socketPath: \\\\?\\pipe\\C:\\Users\\david\\Projects\\amazon-clone\\functions\\18988"}}
[debug] [2021-09-11T06:45:52.129Z] [functions] Runtime ready! Sending request! {"metadata":{"emulator":{"name":"functions"},"message":"[functions] Runtime ready! Sending request!"}}
[debug] [2021-09-11T06:45:52.130Z] [functions] Got req.url=/clone-c885b/us-central1/api, mapping to path=/ {"metadata":{"emulator":{"name":"functions"},"message":"[functions] Got req.url=/clone-c885b/us-central1/api, mapping to path=/"}}
[debug] [2021-09-11T06:45:52.144Z] [runtime-status] [18988] Ephemeral server handling GET request {"metadata":{"emulator":{"name":"functions"},"function":{"name":"us-central1-api"},"message":"[runtime-status] [18988] Ephemeral server handling GET request"}}
[debug] [2021-09-11T06:45:52.162Z] [runtime-status] [18988] Ephemeral server survived. {"metadata":{"emulator":{"name":"functions"},"function":{"name":"us-central1-api"},"message":"[runtime-status] [18988] Ephemeral server survived."}}
[info] i  functions: Finished "us-central1-api" in ~1s {"metadata":{"emulator":{"name":"functions"},"function":{"name":"us-central1-api"},"message":"Finished \"us-central1-api\" in ~1s"}}
[debug] [2021-09-11T06:45:52.171Z] [worker-us-central1-api-20241f81-b4e3-4341-bbce-8f45c31d86dd]: IDLE {"metadata":{"emulator":{"name":"functions"},"message":"[worker-us-central1-api-20241f81-b4e3-4341-bbce-8f45c31d86dd]: IDLE"}}
[debug] [2021-09-11T06:45:52.171Z] [work-queue] {"queueLength":0,"workRunningCount":0}
[debug] [2021-09-11T06:45:52.355Z] Functions emulator received unknown request at path /favicon.ico
[debug] [2021-09-11T06:46:14.095Z] [work-queue] {"queueLength":1,"workRunningCount":0}
[debug] [2021-09-11T06:46:14.095Z] [work-queue] {"queueLength":0,"workRunningCount":1}
[debug] [2021-09-11T06:46:14.095Z] Accepted request POST /clone-c885b/us-central1/api/payments/create?total=9899 --> us-central1-api
[debug] [2021-09-11T06:46:14.095Z] [worker-pool] submitWork(triggerId=us-central1-api) {"metadata":{"emulator":{"name":"functions"},"message":"[worker-pool] submitWork(triggerId=us-central1-api)"}}
[debug] [2021-09-11T06:46:14.096Z] [worker-us-central1-api-20241f81-b4e3-4341-bbce-8f45c31d86dd]: Assigning socketPath: \\?\pipe\C:\Users\david\Projects\amazon-clone\functions\18988 {"metadata":{"emulator":{"name":"functions"},"message":"[worker-us-central1-api-20241f81-b4e3-4341-bbce-8f45c31d86dd]: Assigning socketPath: \\\\?\\pipe\\C:\\Users\\david\\Projects\\amazon-clone\\functions\\18988"}}
[debug] [2021-09-11T06:46:14.096Z] [worker-us-central1-api-20241f81-b4e3-4341-bbce-8f45c31d86dd]: BUSY {"metadata":{"emulator":{"name":"functions"},"message":"[worker-us-central1-api-20241f81-b4e3-4341-bbce-8f45c31d86dd]: BUSY"}}
[debug] [2021-09-11T06:46:14.097Z] [runtime-status] [18988] Trigger "us-central1-api" has been found, beginning invocation! {"metadata":{"emulator":{"name":"functions"},"function":{"name":"us-central1-api"},"message":"[runtime-status] [18988] Trigger \"us-central1-api\" has been found, beginning invocation!"}}
[info] i  functions: Beginning execution of "us-central1-api" {"metadata":{"emulator":{"name":"functions"},"function":{"name":"us-central1-api"},"message":"Beginning execution of \"us-central1-api\""}}
[debug] [2021-09-11T06:46:14.098Z] [runtime-status] [18988] triggerDefinition {"httpsTrigger":{},"name":"api","entryPoint":"api","regions":["us-central1"],"region":"us-central1","id":"us-central1-api"} {"metadata":{"emulator":{"name":"functions"},"function":{"name":"us-central1-api"},"message":"[runtime-status] [18988] triggerDefinition {\"httpsTrigger\":{},\"name\":\"api\",\"entryPoint\":\"api\",\"regions\":[\"us-central1\"],\"region\":\"us-central1\",\"id\":\"us-central1-api\"}"}}
[debug] [2021-09-11T06:46:14.098Z] [runtime-status] [18988] Running us-central1-api in mode HTTPS {"metadata":{"emulator":{"name":"functions"},"function":{"name":"us-central1-api"},"message":"[runtime-status] [18988] Running us-central1-api in mode HTTPS"}}
[debug] [2021-09-11T06:46:14.099Z] [runtime-status] [18988] Attempting to listen to socketPath: \\?\pipe\C:\Users\david\Projects\amazon-clone\functions\18988 {"metadata":{"emulator":{"name":"functions"},"function":{"name":"us-central1-api"},"message":"[runtime-status] [18988] Attempting to listen to socketPath: \\\\?\\pipe\\C:\\Users\\david\\Projects\\amazon-clone\\functions\\18988"}}
[debug] [2021-09-11T06:46:14.101Z] [functions] Runtime ready! Sending request! {"metadata":{"emulator":{"name":"functions"},"message":"[functions] Runtime ready! Sending request!"}}
[debug] [2021-09-11T06:46:14.101Z] [functions] Got req.url=/clone-c885b/us-central1/api/payments/create?total=9899, mapping to path=/payments/create?total=9899 {"metadata":{"emulator":{"name":"functions"},"message":"[functions] Got req.url=/clone-c885b/us-central1/api/payments/create?total=9899, mapping to path=/payments/create?total=9899"}}
[debug] [2021-09-11T06:46:14.108Z] [runtime-status] [18988] Ephemeral server handling POST request {"metadata":{"emulator":{"name":"functions"},"function":{"name":"us-central1-api"},"message":"[runtime-status] [18988] Ephemeral server handling POST request"}}
[info] >  Payment Request Recieved BOOM!!! for this amount >>>  9899 {"user":"Payment Request Recieved BOOM!!! for this amount >>>  9899","metadata":{"emulator":{"name":"functions"},"function":{"name":"us-central1-api"},"message":"\u001b[90m> \u001b[39m Payment Request Recieved BOOM!!! for this amount >>>  9899"}}
[debug] [2021-09-11T06:46:14.140Z] [runtime-status] [18988] Ephemeral server survived. {"metadata":{"emulator":{"name":"functions"},"function":{"name":"us-central1-api"},"message":"[runtime-status] [18988] Ephemeral server survived."}}
[info] i  functions: Finished "us-central1-api" in ~1s {"metadata":{"emulator":{"name":"functions"},"function":{"name":"us-central1-api"},"message":"Finished \"us-central1-api\" in ~1s"}}
[debug] [2021-09-11T06:46:14.943Z] [worker-us-central1-api-20241f81-b4e3-4341-bbce-8f45c31d86dd]: IDLE {"metadata":{"emulator":{"name":"functions"},"message":"[worker-us-central1-api-20241f81-b4e3-4341-bbce-8f45c31d86dd]: IDLE"}}
[debug] [2021-09-11T06:46:14.943Z] [work-queue] {"queueLength":0,"workRunningCount":0}
[debug] [2021-09-11T06:53:39.198Z] File C:\Users\david\Projects\amazon-clone\functions\index.js changed, reloading triggers {"metadata":{"emulator":{"name":"functions"},"message":"File C:\\Users\\david\\Projects\\amazon-clone\\functions\\index.js changed, reloading triggers"}}
